[2021-10-22 15:56:43,410] DEBUG in postAPI: http://localhost:8000/users/{username}/getFollowing
[2021-10-22 15:56:43,418] DEBUG in urllib3.connectionpool: Starting new HTTP connection (1): localhost:8000
[2021-10-22 15:56:43,424] DEBUG in urllib3.connectionpool: http://localhost:8000 "GET /users/%7Busername%7D/getFollowing HTTP/1.1" 200 2
[2021-10-22 15:57:08,179] DEBUG in postAPI: http://localhost:8000/users/spenc37/getFollowing
[2021-10-22 15:57:08,180] DEBUG in urllib3.connectionpool: Starting new HTTP connection (1): localhost:8000
[2021-10-22 15:57:08,182] DEBUG in urllib3.connectionpool: http://localhost:8000 "GET /users/spenc37/getFollowing HTTP/1.1" 200 134
[2021-10-22 15:57:31,645] DEBUG in postAPI: http://localhost:8000/users/spenc37/getFollowing
[2021-10-22 15:57:31,648] DEBUG in urllib3.connectionpool: Starting new HTTP connection (1): localhost:8000
[2021-10-22 15:57:31,650] DEBUG in urllib3.connectionpool: http://localhost:8000 "GET /users/spenc37/getFollowing HTTP/1.1" 200 134
[2021-10-22 15:57:46,173] DEBUG in postAPI: http://localhost:8000/users/spenc37/getFollowing
[2021-10-22 15:57:46,175] DEBUG in urllib3.connectionpool: Starting new HTTP connection (1): localhost:8000
[2021-10-22 15:57:46,177] DEBUG in urllib3.connectionpool: http://localhost:8000 "GET /users/spenc37/getFollowing HTTP/1.1" 200 134
[2021-10-22 15:59:16,388] DEBUG in postAPI: http://localhost:8000/users/spenc37/getFollowing
[2021-10-22 15:59:16,389] DEBUG in urllib3.connectionpool: Starting new HTTP connection (1): localhost:8000
[2021-10-22 15:59:16,392] DEBUG in urllib3.connectionpool: http://localhost:8000 "GET /users/spenc37/getFollowing HTTP/1.1" 200 134
[2021-10-22 16:04:20,330] DEBUG in postAPI: http://localhost:8000/users/spenc37/getFollowing
[2021-10-22 16:04:20,331] DEBUG in urllib3.connectionpool: Starting new HTTP connection (1): localhost:8000
[2021-10-22 16:04:20,334] DEBUG in urllib3.connectionpool: http://localhost:8000 "GET /users/spenc37/getFollowing HTTP/1.1" 200 134
[2021-10-22 16:08:24,168] DEBUG in postAPI: http://localhost:8000/users/spenc37/getFollowing
[2021-10-22 16:08:24,169] DEBUG in urllib3.connectionpool: Starting new HTTP connection (1): localhost:8000
[2021-10-22 16:08:24,172] DEBUG in urllib3.connectionpool: http://localhost:8000 "GET /users/spenc37/getFollowing HTTP/1.1" 200 134
[2021-10-22 16:08:45,994] DEBUG in postAPI: http://localhost:8000/users/spenc37/getFollowing
[2021-10-22 16:08:45,996] DEBUG in urllib3.connectionpool: Starting new HTTP connection (1): localhost:8000
[2021-10-22 16:08:45,998] DEBUG in urllib3.connectionpool: http://localhost:8000 "GET /users/spenc37/getFollowing HTTP/1.1" 200 134
[2021-10-22 16:32:21,655] DEBUG in postAPI: http://localhost:8000/users/spenc37/getFollowing
[2021-10-22 16:32:21,657] DEBUG in urllib3.connectionpool: Starting new HTTP connection (1): localhost:8000
[2021-10-22 16:32:21,659] DEBUG in urllib3.connectionpool: http://localhost:8000 "GET /users/spenc37/getFollowing HTTP/1.1" 200 134
[2021-10-22 16:39:15,146] DEBUG in postAPI: http://localhost:8000/users/spenc37/getFollowing
[2021-10-22 16:39:15,147] DEBUG in urllib3.connectionpool: Starting new HTTP connection (1): localhost:8000
[2021-10-22 16:39:15,150] DEBUG in urllib3.connectionpool: http://localhost:8000 "GET /users/spenc37/getFollowing HTTP/1.1" 200 134
[2021-10-22 16:41:47,545] DEBUG in postAPI: http://localhost:8000/users/spenc37/getFollowing
[2021-10-22 16:41:47,546] DEBUG in urllib3.connectionpool: Starting new HTTP connection (1): localhost:8000
[2021-10-22 16:41:47,548] DEBUG in urllib3.connectionpool: http://localhost:8000 "GET /users/spenc37/getFollowing HTTP/1.1" 200 134
[2021-10-22 16:58:00,909] DEBUG in postAPI: http://localhost:8000/users/spenc37/getFollowing
[2021-10-22 16:58:00,910] DEBUG in urllib3.connectionpool: Starting new HTTP connection (1): localhost:8000
[2021-10-22 16:58:00,913] DEBUG in urllib3.connectionpool: http://localhost:8000 "GET /users/spenc37/getFollowing HTTP/1.1" 200 134
[2021-10-22 16:58:16,817] DEBUG in postAPI: http://localhost:8000/users/ty37/getFollowing
[2021-10-22 16:58:16,818] DEBUG in urllib3.connectionpool: Starting new HTTP connection (1): localhost:8000
[2021-10-22 16:58:16,819] DEBUG in urllib3.connectionpool: http://localhost:8000 "GET /users/ty37/getFollowing HTTP/1.1" 200 172
[2021-10-22 16:58:31,165] DEBUG in postAPI: http://localhost:8000/users/ty37/getFollowing
[2021-10-22 16:58:31,166] DEBUG in urllib3.connectionpool: Starting new HTTP connection (1): localhost:8000
[2021-10-22 16:58:31,168] DEBUG in urllib3.connectionpool: http://localhost:8000 "GET /users/ty37/getFollowing HTTP/1.1" 200 172
[2021-10-22 17:30:41,814] DEBUG in postAPI: http://localhost:8000/users/spenc37/getFollowing
[2021-10-22 17:30:41,815] DEBUG in urllib3.connectionpool: Starting new HTTP connection (1): localhost:8000
[2021-10-22 17:30:41,818] DEBUG in urllib3.connectionpool: http://localhost:8000 "GET /users/spenc37/getFollowing HTTP/1.1" 200 134
[2021-10-22 17:30:41,820] DEBUG in postAPI: http://localhost:8000/users/spenc37/getFollowing
[2021-10-22 17:30:41,821] DEBUG in urllib3.connectionpool: Starting new HTTP connection (1): localhost:8000
[2021-10-22 17:30:41,822] DEBUG in urllib3.connectionpool: http://localhost:8000 "GET /users/spenc37/getFollowing HTTP/1.1" 200 134
[2021-10-22 17:30:41,825] DEBUG in postAPI: http://localhost:8000/users/spenc37/getFollowing
[2021-10-22 17:30:41,825] DEBUG in urllib3.connectionpool: Starting new HTTP connection (1): localhost:8000
[2021-10-22 17:30:41,827] DEBUG in urllib3.connectionpool: http://localhost:8000 "GET /users/spenc37/getFollowing HTTP/1.1" 200 134
[2021-10-22 17:30:41,843] DEBUG in postAPI: http://localhost:8000/users/spenc37/getFollowing
[2021-10-22 17:30:41,843] DEBUG in urllib3.connectionpool: Starting new HTTP connection (1): localhost:8000
[2021-10-22 17:30:41,845] DEBUG in urllib3.connectionpool: http://localhost:8000 "GET /users/spenc37/getFollowing HTTP/1.1" 200 134
[2021-10-22 17:30:41,847] DEBUG in postAPI: http://localhost:8000/users/spenc37/getFollowing
[2021-10-22 17:30:41,848] DEBUG in urllib3.connectionpool: Starting new HTTP connection (1): localhost:8000
[2021-10-22 17:30:41,849] DEBUG in urllib3.connectionpool: http://localhost:8000 "GET /users/spenc37/getFollowing HTTP/1.1" 200 134
[2021-10-22 17:30:41,851] DEBUG in postAPI: http://localhost:8000/users/spenc37/getFollowing
[2021-10-22 17:30:41,851] DEBUG in urllib3.connectionpool: Starting new HTTP connection (1): localhost:8000
[2021-10-22 17:30:41,852] DEBUG in urllib3.connectionpool: http://localhost:8000 "GET /users/spenc37/getFollowing HTTP/1.1" 200 134
[2021-10-22 17:30:41,854] DEBUG in postAPI: http://localhost:8000/users/spenc37/getFollowing
[2021-10-22 17:30:41,854] DEBUG in urllib3.connectionpool: Starting new HTTP connection (1): localhost:8000
[2021-10-22 17:30:41,855] DEBUG in urllib3.connectionpool: http://localhost:8000 "GET /users/spenc37/getFollowing HTTP/1.1" 200 134
[2021-10-22 17:30:41,857] DEBUG in postAPI: http://localhost:8000/users/ty37/getFollowing
[2021-10-22 17:30:41,858] DEBUG in urllib3.connectionpool: Starting new HTTP connection (1): localhost:8000
[2021-10-22 17:30:41,859] DEBUG in urllib3.connectionpool: http://localhost:8000 "GET /users/ty37/getFollowing HTTP/1.1" 200 172
[2021-10-22 17:30:45,665] DEBUG in postAPI: http://localhost:8000/users/ty37/getFollowing
[2021-10-22 17:30:45,666] DEBUG in urllib3.connectionpool: Starting new HTTP connection (1): localhost:8000
[2021-10-22 17:30:45,668] DEBUG in urllib3.connectionpool: http://localhost:8000 "GET /users/ty37/getFollowing HTTP/1.1" 200 172
[2021-10-22 17:30:46,402] DEBUG in postAPI: http://localhost:8000/users/ty37/getFollowing
[2021-10-22 17:30:46,402] DEBUG in urllib3.connectionpool: Starting new HTTP connection (1): localhost:8000
[2021-10-22 17:30:46,404] DEBUG in urllib3.connectionpool: http://localhost:8000 "GET /users/ty37/getFollowing HTTP/1.1" 200 172
[2021-10-22 17:30:46,902] DEBUG in postAPI: http://localhost:8000/users/ty37/getFollowing
[2021-10-22 17:30:46,903] DEBUG in urllib3.connectionpool: Starting new HTTP connection (1): localhost:8000
[2021-10-22 17:30:46,905] DEBUG in urllib3.connectionpool: http://localhost:8000 "GET /users/ty37/getFollowing HTTP/1.1" 200 172
[2021-10-22 17:30:47,258] DEBUG in postAPI: http://localhost:8000/users/ty37/getFollowing
[2021-10-22 17:30:47,259] DEBUG in urllib3.connectionpool: Starting new HTTP connection (1): localhost:8000
[2021-10-22 17:30:47,260] DEBUG in urllib3.connectionpool: http://localhost:8000 "GET /users/ty37/getFollowing HTTP/1.1" 200 172
[2021-10-22 17:30:47,989] DEBUG in postAPI: http://localhost:8000/users/ty37/getFollowing
[2021-10-22 17:30:47,990] DEBUG in urllib3.connectionpool: Starting new HTTP connection (1): localhost:8000
[2021-10-22 17:30:47,992] DEBUG in urllib3.connectionpool: http://localhost:8000 "GET /users/ty37/getFollowing HTTP/1.1" 200 172
[2021-10-22 17:30:48,719] DEBUG in postAPI: http://localhost:8000/users/ty37/getFollowing
[2021-10-22 17:30:48,720] DEBUG in urllib3.connectionpool: Starting new HTTP connection (1): localhost:8000
[2021-10-22 17:30:48,722] DEBUG in urllib3.connectionpool: http://localhost:8000 "GET /users/ty37/getFollowing HTTP/1.1" 200 172
[2021-10-22 17:31:22,104] DEBUG in postAPI: http://localhost:8000/users/ty37/getFollowing
[2021-10-22 17:31:22,105] DEBUG in urllib3.connectionpool: Starting new HTTP connection (1): localhost:8000
[2021-10-22 17:31:22,107] DEBUG in urllib3.connectionpool: http://localhost:8000 "GET /users/ty37/getFollowing HTTP/1.1" 200 172
[2021-10-22 17:31:29,371] DEBUG in postAPI: http://localhost:8000/users/spenc37/getFollowing
[2021-10-22 17:31:29,372] DEBUG in urllib3.connectionpool: Starting new HTTP connection (1): localhost:8000
[2021-10-22 17:31:29,373] DEBUG in urllib3.connectionpool: http://localhost:8000 "GET /users/spenc37/getFollowing HTTP/1.1" 200 134
[2021-10-22 17:33:15,546] DEBUG in postAPI: http://localhost:8000/users/spenc37/getFollowing
[2021-10-22 17:33:15,547] DEBUG in urllib3.connectionpool: Starting new HTTP connection (1): localhost:8000
[2021-10-22 17:33:15,549] DEBUG in urllib3.connectionpool: http://localhost:8000 "GET /users/spenc37/getFollowing HTTP/1.1" 200 134
[2021-10-22 17:36:46,517] DEBUG in postAPI: http://localhost:8000/users/spenc37/getFollowing
[2021-10-22 17:36:46,518] DEBUG in urllib3.connectionpool: Starting new HTTP connection (1): localhost:8000
[2021-10-22 17:36:46,520] DEBUG in urllib3.connectionpool: http://localhost:8000 "GET /users/spenc37/getFollowing HTTP/1.1" 200 134
[2021-10-22 17:38:27,122] DEBUG in postAPI: http://localhost:8000/users/spenc37/getFollowing
[2021-10-22 17:38:27,123] DEBUG in urllib3.connectionpool: Starting new HTTP connection (1): localhost:8000
[2021-10-22 17:38:27,125] DEBUG in urllib3.connectionpool: http://localhost:8000 "GET /users/spenc37/getFollowing HTTP/1.1" 200 134
[2021-10-22 17:48:41,290] DEBUG in postAPI: http://localhost:8000/users/spenc37/getFollowing
[2021-10-22 17:48:41,298] DEBUG in urllib3.connectionpool: Starting new HTTP connection (1): localhost:8000
[2021-10-22 17:48:41,368] DEBUG in postAPI: http://localhost:8000/users/spenc37/getFollowing
[2021-10-22 17:48:41,369] DEBUG in urllib3.connectionpool: Starting new HTTP connection (1): localhost:8000
[2021-10-22 17:48:41,372] DEBUG in postAPI: http://localhost:8000/users/spenc37/getFollowing
[2021-10-22 17:48:41,373] DEBUG in urllib3.connectionpool: Starting new HTTP connection (1): localhost:8000
[2021-10-22 17:48:41,375] DEBUG in postAPI: http://localhost:8000/users/spenc37/getFollowing
[2021-10-22 17:48:41,376] DEBUG in urllib3.connectionpool: Starting new HTTP connection (1): localhost:8000
[2021-10-22 17:48:41,378] DEBUG in postAPI: http://localhost:8000/users/spenc37/getFollowing
[2021-10-22 17:48:41,379] DEBUG in urllib3.connectionpool: Starting new HTTP connection (1): localhost:8000
[2021-10-22 17:48:41,381] DEBUG in postAPI: http://localhost:8000/users/spenc37/getFollowing
[2021-10-22 17:48:41,382] DEBUG in urllib3.connectionpool: Starting new HTTP connection (1): localhost:8000
[2021-10-22 17:48:41,384] DEBUG in postAPI: http://localhost:8000/users/spenc37/getFollowing
[2021-10-22 17:48:41,385] DEBUG in urllib3.connectionpool: Starting new HTTP connection (1): localhost:8000
[2021-10-22 17:48:41,387] DEBUG in postAPI: http://localhost:8000/users/spenc37/getFollowing
[2021-10-22 17:48:41,388] DEBUG in urllib3.connectionpool: Starting new HTTP connection (1): localhost:8000
[2021-10-22 17:48:41,390] DEBUG in postAPI: http://localhost:8000/users/spenc37/getFollowing
[2021-10-22 17:48:41,390] DEBUG in urllib3.connectionpool: Starting new HTTP connection (1): localhost:8000
[2021-10-22 17:48:41,393] DEBUG in postAPI: http://localhost:8000/users/spenc37/getFollowing
[2021-10-22 17:48:41,393] DEBUG in urllib3.connectionpool: Starting new HTTP connection (1): localhost:8000
[2021-10-22 17:48:44,571] DEBUG in postAPI: http://localhost:8000/users/spenc37/getFollowing
[2021-10-22 17:48:44,571] DEBUG in urllib3.connectionpool: Starting new HTTP connection (1): localhost:8000
[2021-10-22 17:48:44,574] DEBUG in postAPI: http://localhost:8000/users/spenc37/getFollowing
[2021-10-22 17:48:44,574] DEBUG in urllib3.connectionpool: Starting new HTTP connection (1): localhost:8000
[2021-10-22 17:48:44,577] DEBUG in postAPI: http://localhost:8000/users/spenc37/getFollowing
[2021-10-22 17:48:44,577] DEBUG in urllib3.connectionpool: Starting new HTTP connection (1): localhost:8000
[2021-10-22 17:48:44,580] DEBUG in postAPI: http://localhost:8000/users/spenc37/getFollowing
[2021-10-22 17:48:44,581] DEBUG in urllib3.connectionpool: Starting new HTTP connection (1): localhost:8000
[2021-10-22 17:48:44,583] DEBUG in postAPI: http://localhost:8000/users/spenc37/getFollowing
[2021-10-22 17:48:44,583] DEBUG in urllib3.connectionpool: Starting new HTTP connection (1): localhost:8000
[2021-10-22 17:48:44,586] DEBUG in postAPI: http://localhost:8000/users/spenc37/getFollowing
[2021-10-22 17:48:44,587] DEBUG in urllib3.connectionpool: Starting new HTTP connection (1): localhost:8000
[2021-10-22 17:48:44,589] DEBUG in postAPI: http://localhost:8000/users/spenc37/getFollowing
[2021-10-22 17:48:44,590] DEBUG in urllib3.connectionpool: Starting new HTTP connection (1): localhost:8000
[2021-10-22 17:48:44,593] DEBUG in postAPI: http://localhost:8000/users/spenc37/getFollowing
[2021-10-22 17:48:44,594] DEBUG in urllib3.connectionpool: Starting new HTTP connection (1): localhost:8000
[2021-10-22 17:48:44,596] DEBUG in postAPI: http://localhost:8000/users/spenc37/getFollowing
[2021-10-22 17:48:44,597] DEBUG in urllib3.connectionpool: Starting new HTTP connection (1): localhost:8000
[2021-10-22 17:48:44,599] DEBUG in postAPI: http://localhost:8000/users/spenc37/getFollowing
[2021-10-22 17:48:44,600] DEBUG in urllib3.connectionpool: Starting new HTTP connection (1): localhost:8000
[2021-10-22 17:49:17,698] DEBUG in postAPI: http://localhost:8000/users/spenc37/getFollowing
[2021-10-22 17:49:17,699] DEBUG in urllib3.connectionpool: Starting new HTTP connection (1): localhost:8000
[2021-10-22 17:49:17,705] DEBUG in postAPI: http://localhost:8000/users/spenc37/getFollowing
[2021-10-22 17:49:17,706] DEBUG in urllib3.connectionpool: Starting new HTTP connection (1): localhost:8000
[2021-10-22 17:49:17,708] DEBUG in postAPI: http://localhost:8000/users/spenc37/getFollowing
[2021-10-22 17:49:17,708] DEBUG in urllib3.connectionpool: Starting new HTTP connection (1): localhost:8000
[2021-10-22 17:49:17,711] DEBUG in postAPI: http://localhost:8000/users/spenc37/getFollowing
[2021-10-22 17:49:17,712] DEBUG in urllib3.connectionpool: Starting new HTTP connection (1): localhost:8000
[2021-10-22 17:49:17,715] DEBUG in postAPI: http://localhost:8000/users/spenc37/getFollowing
[2021-10-22 17:49:17,715] DEBUG in urllib3.connectionpool: Starting new HTTP connection (1): localhost:8000
[2021-10-22 17:49:17,718] DEBUG in postAPI: http://localhost:8000/users/spenc37/getFollowing
[2021-10-22 17:49:17,719] DEBUG in urllib3.connectionpool: Starting new HTTP connection (1): localhost:8000
[2021-10-22 17:49:17,721] DEBUG in postAPI: http://localhost:8000/users/spenc37/getFollowing
[2021-10-22 17:49:17,722] DEBUG in urllib3.connectionpool: Starting new HTTP connection (1): localhost:8000
[2021-10-22 17:49:17,724] DEBUG in postAPI: http://localhost:8000/users/spenc37/getFollowing
[2021-10-22 17:49:17,724] DEBUG in urllib3.connectionpool: Starting new HTTP connection (1): localhost:8000
[2021-10-22 17:49:17,727] DEBUG in postAPI: http://localhost:8000/users/spenc37/getFollowing
[2021-10-22 17:49:17,727] DEBUG in urllib3.connectionpool: Starting new HTTP connection (1): localhost:8000
[2021-10-22 17:49:17,730] DEBUG in postAPI: http://localhost:8000/users/spenc37/getFollowing
[2021-10-22 17:49:17,730] DEBUG in urllib3.connectionpool: Starting new HTTP connection (1): localhost:8000
[2021-10-22 17:49:39,334] DEBUG in postAPI: http://localhost:8000/users/spenc37/getFollowing
[2021-10-22 17:49:39,335] DEBUG in urllib3.connectionpool: Starting new HTTP connection (1): localhost:8000
[2021-10-22 17:49:39,337] DEBUG in postAPI: http://localhost:8000/users/spenc37/getFollowing
[2021-10-22 17:49:39,338] DEBUG in urllib3.connectionpool: Starting new HTTP connection (1): localhost:8000
[2021-10-22 17:49:39,643] DEBUG in postAPI: http://localhost:8000/users/spenc37/getFollowing
[2021-10-22 17:49:39,644] DEBUG in urllib3.connectionpool: Starting new HTTP connection (1): localhost:8000
[2021-10-22 17:49:40,668] DEBUG in postAPI: http://localhost:8000/users/spenc37/getFollowing
[2021-10-22 17:49:40,669] DEBUG in urllib3.connectionpool: Starting new HTTP connection (1): localhost:8000
[2021-10-22 17:49:40,974] DEBUG in postAPI: http://localhost:8000/users/spenc37/getFollowing
[2021-10-22 17:49:40,975] DEBUG in urllib3.connectionpool: Starting new HTTP connection (1): localhost:8000
[2021-10-22 17:49:46,298] DEBUG in postAPI: http://localhost:8000/users/spenc37/getFollowing
[2021-10-22 17:49:46,298] DEBUG in urllib3.connectionpool: Starting new HTTP connection (1): localhost:8000
[2021-10-22 17:50:16,323] DEBUG in postAPI: http://localhost:8000/users/spenc37/getFollowing
[2021-10-22 17:50:16,324] DEBUG in urllib3.connectionpool: Starting new HTTP connection (1): localhost:8000
[2021-10-22 17:50:16,326] DEBUG in postAPI: http://localhost:8000/users/spenc37/getFollowing
[2021-10-22 17:50:16,327] DEBUG in urllib3.connectionpool: Starting new HTTP connection (1): localhost:8000
[2021-10-22 17:50:16,639] DEBUG in postAPI: http://localhost:8000/users/spenc37/getFollowing
[2021-10-22 17:50:16,640] DEBUG in urllib3.connectionpool: Starting new HTTP connection (1): localhost:8000
[2021-10-22 17:50:49,820] DEBUG in urllib3.connectionpool: Starting new HTTP connection (1): localhost:8000
[2021-10-22 17:50:49,826] DEBUG in urllib3.connectionpool: Starting new HTTP connection (1): localhost:8000
[2021-10-22 17:50:49,829] DEBUG in urllib3.connectionpool: Starting new HTTP connection (1): localhost:8000
[2021-10-22 17:50:49,831] DEBUG in urllib3.connectionpool: Starting new HTTP connection (1): localhost:8000
[2021-10-22 17:50:49,834] DEBUG in urllib3.connectionpool: Starting new HTTP connection (1): localhost:8000
[2021-10-22 17:50:49,837] DEBUG in urllib3.connectionpool: Starting new HTTP connection (1): localhost:8000
[2021-10-22 17:50:49,839] DEBUG in urllib3.connectionpool: Starting new HTTP connection (1): localhost:8000
[2021-10-22 17:50:49,841] DEBUG in urllib3.connectionpool: Starting new HTTP connection (1): localhost:8000
[2021-10-22 17:50:49,844] DEBUG in urllib3.connectionpool: Starting new HTTP connection (1): localhost:8000
[2021-10-22 17:50:49,846] DEBUG in urllib3.connectionpool: Starting new HTTP connection (1): localhost:8000
[2021-10-22 17:50:50,701] DEBUG in urllib3.connectionpool: Starting new HTTP connection (1): localhost:8000
[2021-10-22 17:50:50,704] DEBUG in urllib3.connectionpool: Starting new HTTP connection (1): localhost:8000
[2021-10-22 17:50:50,707] DEBUG in urllib3.connectionpool: Starting new HTTP connection (1): localhost:8000
[2021-10-22 17:50:50,709] DEBUG in urllib3.connectionpool: Starting new HTTP connection (1): localhost:8000
[2021-10-22 17:50:50,712] DEBUG in urllib3.connectionpool: Starting new HTTP connection (1): localhost:8000
[2021-10-22 17:50:50,715] DEBUG in urllib3.connectionpool: Starting new HTTP connection (1): localhost:8000
[2021-10-22 17:50:50,717] DEBUG in urllib3.connectionpool: Starting new HTTP connection (1): localhost:8000
[2021-10-22 17:50:50,720] DEBUG in urllib3.connectionpool: Starting new HTTP connection (1): localhost:8000
[2021-10-22 17:50:50,722] DEBUG in urllib3.connectionpool: Starting new HTTP connection (1): localhost:8000
[2021-10-22 17:50:50,725] DEBUG in urllib3.connectionpool: Starting new HTTP connection (1): localhost:8000
[2021-10-22 17:50:51,127] DEBUG in urllib3.connectionpool: Starting new HTTP connection (1): localhost:8000
[2021-10-22 17:50:51,129] DEBUG in urllib3.connectionpool: Starting new HTTP connection (1): localhost:8000
[2021-10-22 17:50:51,132] DEBUG in urllib3.connectionpool: Starting new HTTP connection (1): localhost:8000
[2021-10-22 17:50:51,135] DEBUG in urllib3.connectionpool: Starting new HTTP connection (1): localhost:8000
[2021-10-22 17:50:51,137] DEBUG in urllib3.connectionpool: Starting new HTTP connection (1): localhost:8000
[2021-10-22 17:50:51,140] DEBUG in urllib3.connectionpool: Starting new HTTP connection (1): localhost:8000
[2021-10-22 17:50:51,142] DEBUG in urllib3.connectionpool: Starting new HTTP connection (1): localhost:8000
[2021-10-22 17:50:51,145] DEBUG in urllib3.connectionpool: Starting new HTTP connection (1): localhost:8000
[2021-10-22 17:50:51,148] DEBUG in urllib3.connectionpool: Starting new HTTP connection (1): localhost:8000
[2021-10-22 17:50:51,150] DEBUG in urllib3.connectionpool: Starting new HTTP connection (1): localhost:8000
[2021-10-22 17:50:51,301] DEBUG in urllib3.connectionpool: Starting new HTTP connection (1): localhost:8000
[2021-10-22 17:50:51,304] DEBUG in urllib3.connectionpool: Starting new HTTP connection (1): localhost:8000
[2021-10-22 17:50:51,320] DEBUG in urllib3.connectionpool: Starting new HTTP connection (1): localhost:8000
[2021-10-22 17:50:51,322] DEBUG in urllib3.connectionpool: Starting new HTTP connection (1): localhost:8000
[2021-10-22 17:50:51,324] DEBUG in urllib3.connectionpool: Starting new HTTP connection (1): localhost:8000
[2021-10-22 17:50:51,327] DEBUG in urllib3.connectionpool: Starting new HTTP connection (1): localhost:8000
[2021-10-22 17:50:51,330] DEBUG in urllib3.connectionpool: Starting new HTTP connection (1): localhost:8000
[2021-10-22 17:50:51,332] DEBUG in urllib3.connectionpool: Starting new HTTP connection (1): localhost:8000
[2021-10-22 17:50:51,334] DEBUG in urllib3.connectionpool: Starting new HTTP connection (1): localhost:8000
[2021-10-22 17:50:51,337] DEBUG in urllib3.connectionpool: Starting new HTTP connection (1): localhost:8000
[2021-10-22 17:50:51,493] DEBUG in urllib3.connectionpool: Starting new HTTP connection (1): localhost:8000
[2021-10-22 17:50:51,497] DEBUG in urllib3.connectionpool: Starting new HTTP connection (1): localhost:8000
[2021-10-22 17:50:51,500] DEBUG in urllib3.connectionpool: Starting new HTTP connection (1): localhost:8000
[2021-10-22 17:50:51,502] DEBUG in urllib3.connectionpool: Starting new HTTP connection (1): localhost:8000
[2021-10-22 17:50:51,505] DEBUG in urllib3.connectionpool: Starting new HTTP connection (1): localhost:8000
[2021-10-22 17:50:51,508] DEBUG in urllib3.connectionpool: Starting new HTTP connection (1): localhost:8000
[2021-10-22 17:50:51,510] DEBUG in urllib3.connectionpool: Starting new HTTP connection (1): localhost:8000
[2021-10-22 17:50:51,513] DEBUG in urllib3.connectionpool: Starting new HTTP connection (1): localhost:8000
[2021-10-22 17:50:51,515] DEBUG in urllib3.connectionpool: Starting new HTTP connection (1): localhost:8000
[2021-10-22 17:50:51,518] DEBUG in urllib3.connectionpool: Starting new HTTP connection (1): localhost:8000
[2021-10-22 17:51:16,963] DEBUG in urllib3.connectionpool: Starting new HTTP connection (1): localhost:8000
[2021-10-22 17:51:59,129] DEBUG in urllib3.connectionpool: Starting new HTTP connection (1): localhost:8000
[2021-10-22 17:51:59,133] DEBUG in urllib3.connectionpool: Starting new HTTP connection (1): localhost:8000
[2021-10-22 17:51:59,135] DEBUG in urllib3.connectionpool: Starting new HTTP connection (1): localhost:8000
[2021-10-22 17:51:59,138] DEBUG in urllib3.connectionpool: Starting new HTTP connection (1): localhost:8000
[2021-10-22 17:51:59,140] DEBUG in urllib3.connectionpool: Starting new HTTP connection (1): localhost:8000
[2021-10-22 17:51:59,142] DEBUG in urllib3.connectionpool: Starting new HTTP connection (1): localhost:8000
[2021-10-22 17:51:59,144] DEBUG in urllib3.connectionpool: Starting new HTTP connection (1): localhost:8000
[2021-10-22 17:51:59,147] DEBUG in urllib3.connectionpool: Starting new HTTP connection (1): localhost:8000
[2021-10-22 17:51:59,149] DEBUG in urllib3.connectionpool: Starting new HTTP connection (1): localhost:8000
[2021-10-22 17:51:59,152] DEBUG in urllib3.connectionpool: Starting new HTTP connection (1): localhost:8000
[2021-10-22 17:51:59,156] DEBUG in urllib3.connectionpool: Starting new HTTP connection (1): localhost:8000
[2021-10-22 17:51:59,159] DEBUG in urllib3.connectionpool: Starting new HTTP connection (1): localhost:8000
[2021-10-22 17:51:59,440] DEBUG in urllib3.connectionpool: Starting new HTTP connection (1): localhost:8000
[2021-10-22 17:52:00,475] DEBUG in urllib3.connectionpool: Starting new HTTP connection (1): localhost:8000
[2021-10-22 17:57:00,811] DEBUG in urllib3.connectionpool: Starting new HTTP connection (1): localhost:8000
[2021-10-22 18:05:25,560] DEBUG in urllib3.connectionpool: Starting new HTTP connection (1): localhost:8000
[2021-10-22 18:05:25,566] DEBUG in urllib3.connectionpool: Starting new HTTP connection (1): localhost:8000
[2021-10-22 18:05:25,568] DEBUG in urllib3.connectionpool: Starting new HTTP connection (1): localhost:8000
[2021-10-22 18:05:25,570] DEBUG in urllib3.connectionpool: Starting new HTTP connection (1): localhost:8000
[2021-10-22 18:05:25,572] DEBUG in urllib3.connectionpool: Starting new HTTP connection (1): localhost:8000
[2021-10-22 18:05:25,574] DEBUG in urllib3.connectionpool: Starting new HTTP connection (1): localhost:8000
[2021-10-22 18:05:25,576] DEBUG in urllib3.connectionpool: Starting new HTTP connection (1): localhost:8000
[2021-10-22 18:05:25,578] DEBUG in urllib3.connectionpool: Starting new HTTP connection (1): localhost:8000
[2021-10-22 18:05:25,581] DEBUG in urllib3.connectionpool: Starting new HTTP connection (1): localhost:8000
[2021-10-22 18:05:25,583] DEBUG in urllib3.connectionpool: Starting new HTTP connection (1): localhost:8000
[2021-10-22 18:05:29,084] DEBUG in urllib3.connectionpool: Starting new HTTP connection (1): localhost:8000
[2021-10-22 18:05:29,086] DEBUG in urllib3.connectionpool: Starting new HTTP connection (1): localhost:8000
[2021-10-22 18:05:29,089] DEBUG in urllib3.connectionpool: Starting new HTTP connection (1): localhost:8000
[2021-10-22 18:05:29,091] DEBUG in urllib3.connectionpool: Starting new HTTP connection (1): localhost:8000
[2021-10-22 18:05:29,093] DEBUG in urllib3.connectionpool: Starting new HTTP connection (1): localhost:8000
[2021-10-22 18:05:29,095] DEBUG in urllib3.connectionpool: Starting new HTTP connection (1): localhost:8000
[2021-10-22 18:05:29,098] DEBUG in urllib3.connectionpool: Starting new HTTP connection (1): localhost:8000
[2021-10-22 18:05:29,100] DEBUG in urllib3.connectionpool: Starting new HTTP connection (1): localhost:8000
[2021-10-22 18:05:29,102] DEBUG in urllib3.connectionpool: Starting new HTTP connection (1): localhost:8000
[2021-10-22 18:05:29,104] DEBUG in urllib3.connectionpool: Starting new HTTP connection (1): localhost:8000
[2021-10-22 18:05:40,127] DEBUG in urllib3.connectionpool: Starting new HTTP connection (1): localhost:8000
[2021-10-22 18:05:40,130] DEBUG in urllib3.connectionpool: Starting new HTTP connection (1): localhost:8000
[2021-10-22 18:05:40,132] DEBUG in urllib3.connectionpool: Starting new HTTP connection (1): localhost:8000
[2021-10-22 18:05:40,134] DEBUG in urllib3.connectionpool: Starting new HTTP connection (1): localhost:8000
[2021-10-22 18:05:40,138] DEBUG in urllib3.connectionpool: Starting new HTTP connection (1): localhost:8000
[2021-10-22 18:05:40,140] DEBUG in urllib3.connectionpool: Starting new HTTP connection (1): localhost:8000
[2021-10-22 18:05:40,142] DEBUG in urllib3.connectionpool: Starting new HTTP connection (1): localhost:8000
[2021-10-22 18:05:40,144] DEBUG in urllib3.connectionpool: Starting new HTTP connection (1): localhost:8000
[2021-10-22 18:05:40,156] DEBUG in urllib3.connectionpool: Starting new HTTP connection (1): localhost:8000
[2021-10-22 18:05:40,159] DEBUG in urllib3.connectionpool: Starting new HTTP connection (1): localhost:8000
[2021-10-22 18:05:40,634] DEBUG in urllib3.connectionpool: Starting new HTTP connection (1): localhost:8000
[2021-10-22 18:05:40,636] DEBUG in urllib3.connectionpool: Starting new HTTP connection (1): localhost:8000
[2021-10-22 18:05:40,639] DEBUG in urllib3.connectionpool: Starting new HTTP connection (1): localhost:8000
[2021-10-22 18:05:40,641] DEBUG in urllib3.connectionpool: Starting new HTTP connection (1): localhost:8000
[2021-10-22 18:05:40,643] DEBUG in urllib3.connectionpool: Starting new HTTP connection (1): localhost:8000
[2021-10-22 18:05:40,645] DEBUG in urllib3.connectionpool: Starting new HTTP connection (1): localhost:8000
[2021-10-22 18:05:40,647] DEBUG in urllib3.connectionpool: Starting new HTTP connection (1): localhost:8000
[2021-10-22 18:05:40,649] DEBUG in urllib3.connectionpool: Starting new HTTP connection (1): localhost:8000
[2021-10-22 18:05:40,651] DEBUG in urllib3.connectionpool: Starting new HTTP connection (1): localhost:8000
[2021-10-22 18:05:40,653] DEBUG in urllib3.connectionpool: Starting new HTTP connection (1): localhost:8000
[2021-10-22 18:05:40,804] DEBUG in urllib3.connectionpool: Starting new HTTP connection (1): localhost:8000
[2021-10-22 18:05:40,806] DEBUG in urllib3.connectionpool: Starting new HTTP connection (1): localhost:8000
[2021-10-22 18:05:40,809] DEBUG in urllib3.connectionpool: Starting new HTTP connection (1): localhost:8000
[2021-10-22 18:05:40,810] DEBUG in urllib3.connectionpool: Starting new HTTP connection (1): localhost:8000
[2021-10-22 18:05:40,812] DEBUG in urllib3.connectionpool: Starting new HTTP connection (1): localhost:8000
[2021-10-22 18:05:40,815] DEBUG in urllib3.connectionpool: Starting new HTTP connection (1): localhost:8000
[2021-10-22 18:05:40,817] DEBUG in urllib3.connectionpool: Starting new HTTP connection (1): localhost:8000
[2021-10-22 18:05:40,819] DEBUG in urllib3.connectionpool: Starting new HTTP connection (1): localhost:8000
[2021-10-22 18:05:40,821] DEBUG in urllib3.connectionpool: Starting new HTTP connection (1): localhost:8000
[2021-10-22 18:05:40,823] DEBUG in urllib3.connectionpool: Starting new HTTP connection (1): localhost:8000
[2021-10-22 18:05:40,971] DEBUG in urllib3.connectionpool: Starting new HTTP connection (1): localhost:8000
[2021-10-22 18:05:40,974] DEBUG in urllib3.connectionpool: Starting new HTTP connection (1): localhost:8000
[2021-10-22 18:05:40,976] DEBUG in urllib3.connectionpool: Starting new HTTP connection (1): localhost:8000
[2021-10-22 18:05:40,979] DEBUG in urllib3.connectionpool: Starting new HTTP connection (1): localhost:8000
[2021-10-22 18:05:40,981] DEBUG in urllib3.connectionpool: Starting new HTTP connection (1): localhost:8000
[2021-10-22 18:05:40,983] DEBUG in urllib3.connectionpool: Starting new HTTP connection (1): localhost:8000
[2021-10-22 18:05:40,985] DEBUG in urllib3.connectionpool: Starting new HTTP connection (1): localhost:8000
[2021-10-22 18:05:40,987] DEBUG in urllib3.connectionpool: Starting new HTTP connection (1): localhost:8000
[2021-10-22 18:05:40,990] DEBUG in urllib3.connectionpool: Starting new HTTP connection (1): localhost:8000
[2021-10-22 18:05:40,991] DEBUG in urllib3.connectionpool: Starting new HTTP connection (1): localhost:8000
[2021-10-22 18:05:41,128] DEBUG in urllib3.connectionpool: Starting new HTTP connection (1): localhost:8000
[2021-10-22 18:05:41,131] DEBUG in urllib3.connectionpool: Starting new HTTP connection (1): localhost:8000
[2021-10-22 18:05:41,133] DEBUG in urllib3.connectionpool: Starting new HTTP connection (1): localhost:8000
[2021-10-22 18:05:41,136] DEBUG in urllib3.connectionpool: Starting new HTTP connection (1): localhost:8000
[2021-10-22 18:05:41,138] DEBUG in urllib3.connectionpool: Starting new HTTP connection (1): localhost:8000
[2021-10-22 18:05:41,140] DEBUG in urllib3.connectionpool: Starting new HTTP connection (1): localhost:8000
[2021-10-22 18:05:41,142] DEBUG in urllib3.connectionpool: Starting new HTTP connection (1): localhost:8000
[2021-10-22 18:05:41,144] DEBUG in urllib3.connectionpool: Starting new HTTP connection (1): localhost:8000
[2021-10-22 18:05:41,146] DEBUG in urllib3.connectionpool: Starting new HTTP connection (1): localhost:8000
[2021-10-22 18:05:41,148] DEBUG in urllib3.connectionpool: Starting new HTTP connection (1): localhost:8000
[2021-10-22 18:05:41,282] DEBUG in urllib3.connectionpool: Starting new HTTP connection (1): localhost:8000
[2021-10-22 18:05:41,285] DEBUG in urllib3.connectionpool: Starting new HTTP connection (1): localhost:8000
[2021-10-22 18:05:41,287] DEBUG in urllib3.connectionpool: Starting new HTTP connection (1): localhost:8000
[2021-10-22 18:05:41,289] DEBUG in urllib3.connectionpool: Starting new HTTP connection (1): localhost:8000
[2021-10-22 18:05:41,291] DEBUG in urllib3.connectionpool: Starting new HTTP connection (1): localhost:8000
[2021-10-22 18:05:41,293] DEBUG in urllib3.connectionpool: Starting new HTTP connection (1): localhost:8000
[2021-10-22 18:05:41,295] DEBUG in urllib3.connectionpool: Starting new HTTP connection (1): localhost:8000
[2021-10-22 18:05:41,297] DEBUG in urllib3.connectionpool: Starting new HTTP connection (1): localhost:8000
[2021-10-22 18:05:41,298] DEBUG in urllib3.connectionpool: Starting new HTTP connection (1): localhost:8000
[2021-10-22 18:05:41,300] DEBUG in urllib3.connectionpool: Starting new HTTP connection (1): localhost:8000
[2021-10-22 18:05:41,447] DEBUG in urllib3.connectionpool: Starting new HTTP connection (1): localhost:8000
[2021-10-22 18:05:41,450] DEBUG in urllib3.connectionpool: Starting new HTTP connection (1): localhost:8000
[2021-10-22 18:05:41,453] DEBUG in urllib3.connectionpool: Starting new HTTP connection (1): localhost:8000
[2021-10-22 18:05:41,455] DEBUG in urllib3.connectionpool: Starting new HTTP connection (1): localhost:8000
[2021-10-22 18:05:41,456] DEBUG in urllib3.connectionpool: Starting new HTTP connection (1): localhost:8000
[2021-10-22 18:05:41,459] DEBUG in urllib3.connectionpool: Starting new HTTP connection (1): localhost:8000
[2021-10-22 18:05:41,461] DEBUG in urllib3.connectionpool: Starting new HTTP connection (1): localhost:8000
[2021-10-22 18:05:41,463] DEBUG in urllib3.connectionpool: Starting new HTTP connection (1): localhost:8000
[2021-10-22 18:05:41,465] DEBUG in urllib3.connectionpool: Starting new HTTP connection (1): localhost:8000
[2021-10-22 18:05:41,467] DEBUG in urllib3.connectionpool: Starting new HTTP connection (1): localhost:8000
[2021-10-22 18:05:41,612] DEBUG in urllib3.connectionpool: Starting new HTTP connection (1): localhost:8000
[2021-10-22 18:05:41,614] DEBUG in urllib3.connectionpool: Starting new HTTP connection (1): localhost:8000
[2021-10-22 18:05:41,616] DEBUG in urllib3.connectionpool: Starting new HTTP connection (1): localhost:8000
[2021-10-22 18:05:41,618] DEBUG in urllib3.connectionpool: Starting new HTTP connection (1): localhost:8000
[2021-10-22 18:05:41,621] DEBUG in urllib3.connectionpool: Starting new HTTP connection (1): localhost:8000
[2021-10-22 18:05:41,623] DEBUG in urllib3.connectionpool: Starting new HTTP connection (1): localhost:8000
[2021-10-22 18:05:41,625] DEBUG in urllib3.connectionpool: Starting new HTTP connection (1): localhost:8000
[2021-10-22 18:05:41,627] DEBUG in urllib3.connectionpool: Starting new HTTP connection (1): localhost:8000
[2021-10-22 18:05:41,629] DEBUG in urllib3.connectionpool: Starting new HTTP connection (1): localhost:8000
[2021-10-22 18:05:41,631] DEBUG in urllib3.connectionpool: Starting new HTTP connection (1): localhost:8000
[2021-10-22 18:05:41,794] DEBUG in urllib3.connectionpool: Starting new HTTP connection (1): localhost:8000
[2021-10-22 18:05:41,796] DEBUG in urllib3.connectionpool: Starting new HTTP connection (1): localhost:8000
[2021-10-22 18:05:41,798] DEBUG in urllib3.connectionpool: Starting new HTTP connection (1): localhost:8000
[2021-10-22 18:05:41,801] DEBUG in urllib3.connectionpool: Starting new HTTP connection (1): localhost:8000
[2021-10-22 18:05:41,803] DEBUG in urllib3.connectionpool: Starting new HTTP connection (1): localhost:8000
[2021-10-22 18:05:41,805] DEBUG in urllib3.connectionpool: Starting new HTTP connection (1): localhost:8000
[2021-10-22 18:05:41,807] DEBUG in urllib3.connectionpool: Starting new HTTP connection (1): localhost:8000
[2021-10-22 18:05:41,808] DEBUG in urllib3.connectionpool: Starting new HTTP connection (1): localhost:8000
[2021-10-22 18:05:41,811] DEBUG in urllib3.connectionpool: Starting new HTTP connection (1): localhost:8000
[2021-10-22 18:05:41,813] DEBUG in urllib3.connectionpool: Starting new HTTP connection (1): localhost:8000
[2021-10-22 18:05:41,988] DEBUG in urllib3.connectionpool: Starting new HTTP connection (1): localhost:8000
[2021-10-22 18:05:41,990] DEBUG in urllib3.connectionpool: Starting new HTTP connection (1): localhost:8000
[2021-10-22 18:05:41,992] DEBUG in urllib3.connectionpool: Starting new HTTP connection (1): localhost:8000
[2021-10-22 18:05:41,995] DEBUG in urllib3.connectionpool: Starting new HTTP connection (1): localhost:8000
[2021-10-22 18:05:41,997] DEBUG in urllib3.connectionpool: Starting new HTTP connection (1): localhost:8000
[2021-10-22 18:05:41,999] DEBUG in urllib3.connectionpool: Starting new HTTP connection (1): localhost:8000
[2021-10-22 18:05:42,001] DEBUG in urllib3.connectionpool: Starting new HTTP connection (1): localhost:8000
[2021-10-22 18:05:42,003] DEBUG in urllib3.connectionpool: Starting new HTTP connection (1): localhost:8000
[2021-10-22 18:05:42,005] DEBUG in urllib3.connectionpool: Starting new HTTP connection (1): localhost:8000
[2021-10-22 18:05:42,007] DEBUG in urllib3.connectionpool: Starting new HTTP connection (1): localhost:8000
[2021-10-22 18:05:42,162] DEBUG in urllib3.connectionpool: Starting new HTTP connection (1): localhost:8000
[2021-10-22 18:05:42,165] DEBUG in urllib3.connectionpool: Starting new HTTP connection (1): localhost:8000
[2021-10-22 18:05:42,167] DEBUG in urllib3.connectionpool: Starting new HTTP connection (1): localhost:8000
[2021-10-22 18:05:42,170] DEBUG in urllib3.connectionpool: Starting new HTTP connection (1): localhost:8000
[2021-10-22 18:05:42,172] DEBUG in urllib3.connectionpool: Starting new HTTP connection (1): localhost:8000
[2021-10-22 18:05:42,174] DEBUG in urllib3.connectionpool: Starting new HTTP connection (1): localhost:8000
[2021-10-22 18:05:42,177] DEBUG in urllib3.connectionpool: Starting new HTTP connection (1): localhost:8000
[2021-10-22 18:05:42,179] DEBUG in urllib3.connectionpool: Starting new HTTP connection (1): localhost:8000
[2021-10-22 18:05:42,181] DEBUG in urllib3.connectionpool: Starting new HTTP connection (1): localhost:8000
[2021-10-22 18:05:42,183] DEBUG in urllib3.connectionpool: Starting new HTTP connection (1): localhost:8000
[2021-10-22 18:07:53,422] DEBUG in urllib3.connectionpool: Starting new HTTP connection (1): localhost:8000
[2021-10-22 18:07:53,429] DEBUG in urllib3.connectionpool: http://localhost:8000 "GET /users/spenc37/getFollowing HTTP/1.1" 200 134
[2021-10-22 18:08:02,102] DEBUG in urllib3.connectionpool: Starting new HTTP connection (1): localhost:8000
[2021-10-22 18:08:02,104] DEBUG in urllib3.connectionpool: http://localhost:8000 "GET /users/ty37/getFollowing HTTP/1.1" 200 172
[2021-10-22 18:11:50,228] DEBUG in urllib3.connectionpool: Starting new HTTP connection (1): localhost:8000
[2021-10-22 18:11:50,230] DEBUG in urllib3.connectionpool: http://localhost:8000 "GET /users/spenc37/getFollowing HTTP/1.1" 200 134
[2021-10-22 19:10:00,833] DEBUG in urllib3.connectionpool: Starting new HTTP connection (1): localhost:8000
[2021-10-22 19:10:00,841] DEBUG in urllib3.connectionpool: http://localhost:8000 "GET /users/ty37/getFollowing HTTP/1.1" 200 172
[2021-10-22 19:10:26,269] DEBUG in urllib3.connectionpool: Starting new HTTP connection (1): localhost:8000
[2021-10-22 19:10:26,271] DEBUG in urllib3.connectionpool: http://localhost:8000 "GET /users/ty37/getFollowing HTTP/1.1" 200 172
[2021-10-22 20:21:11,782] DEBUG in urllib3.connectionpool: Starting new HTTP connection (1): localhost:8000
[2021-10-22 20:21:11,789] DEBUG in urllib3.connectionpool: http://localhost:8000 "GET /users/spenc37/getFollowing HTTP/1.1" 200 134
[2021-10-22 20:35:10,817] DEBUG in urllib3.connectionpool: Starting new HTTP connection (1): localhost:8000
[2021-10-22 20:35:10,825] DEBUG in urllib3.connectionpool: http://localhost:8000 "GET /users/spenc37/getFollowing HTTP/1.1" 200 134
[2021-10-22 20:40:42,823] DEBUG in urllib3.connectionpool: Starting new HTTP connection (1): localhost:8000
[2021-10-22 20:40:42,832] DEBUG in urllib3.connectionpool: http://localhost:8000 "GET /users/spenc37/getFollowing HTTP/1.1" 200 134
[2021-10-22 20:41:30,324] DEBUG in urllib3.connectionpool: Starting new HTTP connection (1): localhost:8000
[2021-10-22 20:41:30,326] DEBUG in urllib3.connectionpool: http://localhost:8000 "GET /users/spenc37/getFollowing HTTP/1.1" 200 134
[2021-11-26 20:53:56,101] DEBUG in urllib3.connectionpool: Starting new HTTP connection (1): 127.0.1.1:8500
[2021-11-26 20:53:56,111] DEBUG in urllib3.connectionpool: http://127.0.1.1:8500 "POST /register HTTP/1.1" 405 42
[2021-11-26 20:54:47,185] DEBUG in urllib3.connectionpool: Starting new HTTP connection (1): 127.0.1.1:8500
[2021-11-26 20:54:47,200] DEBUG in urllib3.connectionpool: http://127.0.1.1:8500 "POST /register HTTP/1.1" 500 59
[2021-11-26 20:56:24,508] DEBUG in urllib3.connectionpool: Starting new HTTP connection (1): 127.0.1.1:8500
[2021-11-26 20:56:24,513] DEBUG in urllib3.connectionpool: http://127.0.1.1:8500 "POST /register HTTP/1.1" 200 4
[2021-11-26 20:58:14,841] DEBUG in urllib3.connectionpool: Starting new HTTP connection (1): 127.0.1.1:8500
[2021-11-26 20:58:14,844] DEBUG in urllib3.connectionpool: http://127.0.1.1:8500 "POST /register HTTP/1.1" 200 4
[2021-11-26 21:00:41,450] DEBUG in urllib3.connectionpool: Starting new HTTP connection (1): 127.0.1.1:8500
[2021-11-26 21:00:41,452] DEBUG in urllib3.connectionpool: http://127.0.1.1:8500 "POST /register HTTP/1.1" 200 4
[2021-11-26 21:04:13,512] DEBUG in urllib3.connectionpool: Starting new HTTP connection (1): 127.0.1.1:8500
[2021-11-26 21:04:13,514] DEBUG in urllib3.connectionpool: http://127.0.1.1:8500 "POST /register HTTP/1.1" 200 4
[2021-11-26 21:06:46,266] DEBUG in urllib3.connectionpool: Starting new HTTP connection (1): 127.0.1.1:8500
[2021-11-26 21:06:46,267] DEBUG in urllib3.connectionpool: http://127.0.1.1:8500 "POST /register HTTP/1.1" 200 4
[2021-11-26 21:08:10,208] DEBUG in urllib3.connectionpool: Starting new HTTP connection (1): 127.0.1.1:8500
[2021-11-26 21:08:10,211] DEBUG in urllib3.connectionpool: http://127.0.1.1:8500 "POST /register HTTP/1.1" 200 4
[2021-11-26 21:10:53,393] DEBUG in urllib3.connectionpool: Starting new HTTP connection (1): 127.0.1.1:8500
[2021-11-26 21:10:53,395] DEBUG in urllib3.connectionpool: http://127.0.1.1:8500 "POST /register HTTP/1.1" 200 4
[2021-11-26 21:11:41,756] DEBUG in urllib3.connectionpool: Starting new HTTP connection (1): 127.0.1.1:8500
[2021-11-26 21:11:41,758] DEBUG in urllib3.connectionpool: http://127.0.1.1:8500 "POST /register HTTP/1.1" 200 4
[2021-11-26 21:12:06,744] DEBUG in urllib3.connectionpool: Starting new HTTP connection (1): 127.0.1.1:8500
[2021-11-26 21:12:06,746] DEBUG in urllib3.connectionpool: http://127.0.1.1:8500 "POST /register HTTP/1.1" 200 4
[2021-11-26 21:12:41,066] DEBUG in urllib3.connectionpool: Starting new HTTP connection (1): 127.0.1.1:8500
[2021-11-26 21:12:41,068] DEBUG in urllib3.connectionpool: http://127.0.1.1:8500 "POST /register HTTP/1.1" 200 4
[2021-11-26 21:13:13,296] DEBUG in urllib3.connectionpool: Starting new HTTP connection (1): 127.0.1.1:8500
[2021-11-26 21:13:13,298] DEBUG in urllib3.connectionpool: http://127.0.1.1:8500 "POST /register HTTP/1.1" 200 4
[2021-11-26 21:13:52,199] DEBUG in urllib3.connectionpool: Starting new HTTP connection (1): 127.0.1.1:8500
[2021-11-26 21:13:52,203] DEBUG in urllib3.connectionpool: http://127.0.1.1:8500 "POST /register HTTP/1.1" 200 4
[2021-11-26 21:17:56,906] DEBUG in urllib3.connectionpool: Starting new HTTP connection (1): 127.0.1.1:8500
[2021-11-26 21:17:56,908] DEBUG in urllib3.connectionpool: http://127.0.1.1:8500 "POST /register HTTP/1.1" 200 4
[2021-12-01 19:23:26,146] DEBUG in urllib3.connectionpool: Starting new HTTP connection (1): 127.0.1.1:8500
[2021-12-01 19:23:41,908] DEBUG in urllib3.connectionpool: Starting new HTTP connection (1): 127.0.1.1:8500
[2021-12-01 19:24:11,493] DEBUG in urllib3.connectionpool: Starting new HTTP connection (1): 127.0.1.1:8500
[2021-12-01 19:25:35,147] DEBUG in urllib3.connectionpool: Starting new HTTP connection (1): 127.0.1.1:8500
[2021-12-01 19:25:54,739] DEBUG in urllib3.connectionpool: Starting new HTTP connection (1): 127.0.1.1:8500
[2021-12-01 20:26:32,476] DEBUG in urllib3.connectionpool: Starting new HTTP connection (1): 127.0.1.1:8500
[2021-12-01 21:58:52,475] DEBUG in urllib3.connectionpool: Starting new HTTP connection (1): 127.0.1.1:8500
[2021-12-05 15:43:11,422] DEBUG in asyncio: Using selector: EpollSelector
[2021-12-05 15:46:51,900] DEBUG in asyncio: Using selector: EpollSelector
[2021-12-05 15:50:22,842] DEBUG in asyncio: Using selector: EpollSelector
[2021-12-05 15:50:32,418] DEBUG in asyncio: Using selector: EpollSelector
[2021-12-05 15:50:48,281] DEBUG in asyncio: Using selector: EpollSelector
[2021-12-05 15:59:20,160] DEBUG in asyncio: Using selector: EpollSelector
[2021-12-05 15:59:48,521] DEBUG in asyncio: Using selector: EpollSelector
[2021-12-17 15:46:22,268] DEBUG in botocore.hooks: Changing event name from creating-client-class.iot-data to creating-client-class.iot-data-plane
[2021-12-17 15:46:22,274] DEBUG in botocore.hooks: Changing event name from before-call.apigateway to before-call.api-gateway
[2021-12-17 15:46:22,279] DEBUG in botocore.hooks: Changing event name from request-created.machinelearning.Predict to request-created.machine-learning.Predict
[2021-12-17 15:46:22,283] DEBUG in botocore.hooks: Changing event name from before-parameter-build.autoscaling.CreateLaunchConfiguration to before-parameter-build.auto-scaling.CreateLaunchConfiguration
[2021-12-17 15:46:22,292] DEBUG in botocore.hooks: Changing event name from before-parameter-build.route53 to before-parameter-build.route-53
[2021-12-17 15:46:22,294] DEBUG in botocore.hooks: Changing event name from request-created.cloudsearchdomain.Search to request-created.cloudsearch-domain.Search
[2021-12-17 15:46:22,298] DEBUG in botocore.hooks: Changing event name from docs.*.autoscaling.CreateLaunchConfiguration.complete-section to docs.*.auto-scaling.CreateLaunchConfiguration.complete-section
[2021-12-17 15:46:22,305] DEBUG in botocore.hooks: Changing event name from before-parameter-build.logs.CreateExportTask to before-parameter-build.cloudwatch-logs.CreateExportTask
[2021-12-17 15:46:22,307] DEBUG in botocore.hooks: Changing event name from docs.*.logs.CreateExportTask.complete-section to docs.*.cloudwatch-logs.CreateExportTask.complete-section
[2021-12-17 15:46:22,311] DEBUG in botocore.hooks: Changing event name from before-parameter-build.cloudsearchdomain.Search to before-parameter-build.cloudsearch-domain.Search
[2021-12-17 15:46:22,314] DEBUG in botocore.hooks: Changing event name from docs.*.cloudsearchdomain.Search.complete-section to docs.*.cloudsearch-domain.Search.complete-section
[2021-12-17 15:46:22,328] DEBUG in botocore.utils: IMDS ENDPOINT: http://169.254.169.254/
[2021-12-17 15:46:22,332] DEBUG in botocore.credentials: Looking for credentials via: env
[2021-12-17 15:46:22,334] DEBUG in botocore.credentials: Looking for credentials via: assume-role
[2021-12-17 15:46:22,335] DEBUG in botocore.credentials: Looking for credentials via: assume-role-with-web-identity
[2021-12-17 15:46:22,336] DEBUG in botocore.credentials: Looking for credentials via: sso
[2021-12-17 15:46:22,337] DEBUG in botocore.credentials: Looking for credentials via: shared-credentials-file
[2021-12-17 15:46:22,339] INFO in botocore.credentials: Found credentials in shared credentials file: ~/.aws/credentials
[2021-12-17 15:46:22,344] DEBUG in botocore.loaders: Loading JSON file: /home/ubuntu/anaconda3/lib/python3.8/site-packages/botocore/data/endpoints.json
[2021-12-17 15:46:22,359] DEBUG in botocore.hooks: Event choose-service-name: calling handler <function handle_service_name_alias at 0x7f71dfa57b80>
[2021-12-17 15:46:22,840] DEBUG in botocore.loaders: Loading JSON file: /home/ubuntu/anaconda3/lib/python3.8/site-packages/botocore/data/dynamodb/2012-08-10/service-2.json
[2021-12-17 15:46:22,867] DEBUG in botocore.hooks: Event creating-client-class.dynamodb: calling handler <function add_generate_presigned_url at 0x7f71dfa82670>
[2021-12-17 15:46:22,883] DEBUG in botocore.endpoint: Setting dynamodb timeout as (60, 60)
[2021-12-17 15:46:22,889] DEBUG in botocore.loaders: Loading JSON file: /home/ubuntu/anaconda3/lib/python3.8/site-packages/botocore/data/_retry.json
[2021-12-17 15:46:22,894] DEBUG in botocore.client: Registering retry handlers for service: dynamodb
[2021-12-17 15:46:53,137] DEBUG in botocore.hooks: Changing event name from creating-client-class.iot-data to creating-client-class.iot-data-plane
[2021-12-17 15:46:53,139] DEBUG in botocore.hooks: Changing event name from before-call.apigateway to before-call.api-gateway
[2021-12-17 15:46:53,141] DEBUG in botocore.hooks: Changing event name from request-created.machinelearning.Predict to request-created.machine-learning.Predict
[2021-12-17 15:46:53,146] DEBUG in botocore.hooks: Changing event name from before-parameter-build.autoscaling.CreateLaunchConfiguration to before-parameter-build.auto-scaling.CreateLaunchConfiguration
[2021-12-17 15:46:53,147] DEBUG in botocore.hooks: Changing event name from before-parameter-build.route53 to before-parameter-build.route-53
[2021-12-17 15:46:53,149] DEBUG in botocore.hooks: Changing event name from request-created.cloudsearchdomain.Search to request-created.cloudsearch-domain.Search
[2021-12-17 15:46:53,153] DEBUG in botocore.hooks: Changing event name from docs.*.autoscaling.CreateLaunchConfiguration.complete-section to docs.*.auto-scaling.CreateLaunchConfiguration.complete-section
[2021-12-17 15:46:53,159] DEBUG in botocore.hooks: Changing event name from before-parameter-build.logs.CreateExportTask to before-parameter-build.cloudwatch-logs.CreateExportTask
[2021-12-17 15:46:53,160] DEBUG in botocore.hooks: Changing event name from docs.*.logs.CreateExportTask.complete-section to docs.*.cloudwatch-logs.CreateExportTask.complete-section
[2021-12-17 15:46:53,161] DEBUG in botocore.hooks: Changing event name from before-parameter-build.cloudsearchdomain.Search to before-parameter-build.cloudsearch-domain.Search
[2021-12-17 15:46:53,162] DEBUG in botocore.hooks: Changing event name from docs.*.cloudsearchdomain.Search.complete-section to docs.*.cloudsearch-domain.Search.complete-section
[2021-12-17 15:46:53,167] DEBUG in botocore.utils: IMDS ENDPOINT: http://169.254.169.254/
[2021-12-17 15:46:53,171] DEBUG in botocore.credentials: Looking for credentials via: env
[2021-12-17 15:46:53,172] DEBUG in botocore.credentials: Looking for credentials via: assume-role
[2021-12-17 15:46:53,173] DEBUG in botocore.credentials: Looking for credentials via: assume-role-with-web-identity
[2021-12-17 15:46:53,174] DEBUG in botocore.credentials: Looking for credentials via: sso
[2021-12-17 15:46:53,175] DEBUG in botocore.credentials: Looking for credentials via: shared-credentials-file
[2021-12-17 15:46:53,176] INFO in botocore.credentials: Found credentials in shared credentials file: ~/.aws/credentials
[2021-12-17 15:46:53,178] DEBUG in botocore.loaders: Loading JSON file: /home/ubuntu/anaconda3/lib/python3.8/site-packages/botocore/data/endpoints.json
[2021-12-17 15:46:53,194] DEBUG in botocore.hooks: Event choose-service-name: calling handler <function handle_service_name_alias at 0x7ff078de2b80>
[2021-12-17 15:46:53,218] DEBUG in botocore.loaders: Loading JSON file: /home/ubuntu/anaconda3/lib/python3.8/site-packages/botocore/data/dynamodb/2012-08-10/service-2.json
[2021-12-17 15:46:53,227] DEBUG in botocore.hooks: Event creating-client-class.dynamodb: calling handler <function add_generate_presigned_url at 0x7ff078e0d670>
[2021-12-17 15:46:53,235] DEBUG in botocore.endpoint: Setting dynamodb timeout as (60, 60)
[2021-12-17 15:46:53,237] DEBUG in botocore.loaders: Loading JSON file: /home/ubuntu/anaconda3/lib/python3.8/site-packages/botocore/data/_retry.json
[2021-12-17 15:46:53,239] DEBUG in botocore.client: Registering retry handlers for service: dynamodb
[2021-12-17 15:47:41,727] DEBUG in botocore.hooks: Changing event name from creating-client-class.iot-data to creating-client-class.iot-data-plane
[2021-12-17 15:47:41,730] DEBUG in botocore.hooks: Changing event name from before-call.apigateway to before-call.api-gateway
[2021-12-17 15:47:41,732] DEBUG in botocore.hooks: Changing event name from request-created.machinelearning.Predict to request-created.machine-learning.Predict
[2021-12-17 15:47:41,734] DEBUG in botocore.hooks: Changing event name from before-parameter-build.autoscaling.CreateLaunchConfiguration to before-parameter-build.auto-scaling.CreateLaunchConfiguration
[2021-12-17 15:47:41,735] DEBUG in botocore.hooks: Changing event name from before-parameter-build.route53 to before-parameter-build.route-53
[2021-12-17 15:47:41,737] DEBUG in botocore.hooks: Changing event name from request-created.cloudsearchdomain.Search to request-created.cloudsearch-domain.Search
[2021-12-17 15:47:41,738] DEBUG in botocore.hooks: Changing event name from docs.*.autoscaling.CreateLaunchConfiguration.complete-section to docs.*.auto-scaling.CreateLaunchConfiguration.complete-section
[2021-12-17 15:47:41,742] DEBUG in botocore.hooks: Changing event name from before-parameter-build.logs.CreateExportTask to before-parameter-build.cloudwatch-logs.CreateExportTask
[2021-12-17 15:47:41,743] DEBUG in botocore.hooks: Changing event name from docs.*.logs.CreateExportTask.complete-section to docs.*.cloudwatch-logs.CreateExportTask.complete-section
[2021-12-17 15:47:41,744] DEBUG in botocore.hooks: Changing event name from before-parameter-build.cloudsearchdomain.Search to before-parameter-build.cloudsearch-domain.Search
[2021-12-17 15:47:41,745] DEBUG in botocore.hooks: Changing event name from docs.*.cloudsearchdomain.Search.complete-section to docs.*.cloudsearch-domain.Search.complete-section
[2021-12-17 15:47:41,749] DEBUG in botocore.utils: IMDS ENDPOINT: http://169.254.169.254/
[2021-12-17 15:47:41,752] DEBUG in botocore.credentials: Looking for credentials via: env
[2021-12-17 15:47:41,753] DEBUG in botocore.credentials: Looking for credentials via: assume-role
[2021-12-17 15:47:41,753] DEBUG in botocore.credentials: Looking for credentials via: assume-role-with-web-identity
[2021-12-17 15:47:41,754] DEBUG in botocore.credentials: Looking for credentials via: sso
[2021-12-17 15:47:41,755] DEBUG in botocore.credentials: Looking for credentials via: shared-credentials-file
[2021-12-17 15:47:41,755] INFO in botocore.credentials: Found credentials in shared credentials file: ~/.aws/credentials
[2021-12-17 15:47:41,757] DEBUG in botocore.loaders: Loading JSON file: /home/ubuntu/anaconda3/lib/python3.8/site-packages/botocore/data/endpoints.json
[2021-12-17 15:47:41,770] DEBUG in botocore.hooks: Event choose-service-name: calling handler <function handle_service_name_alias at 0x7f08f685cc10>
[2021-12-17 15:47:41,779] DEBUG in botocore.loaders: Loading JSON file: /home/ubuntu/anaconda3/lib/python3.8/site-packages/botocore/data/dynamodb/2012-08-10/service-2.json
[2021-12-17 15:47:41,787] DEBUG in botocore.hooks: Event creating-client-class.dynamodb: calling handler <function add_generate_presigned_url at 0x7f08f6886700>
[2021-12-17 15:47:41,791] DEBUG in botocore.endpoint: Setting dynamodb timeout as (60, 60)
[2021-12-17 15:47:41,793] DEBUG in botocore.loaders: Loading JSON file: /home/ubuntu/anaconda3/lib/python3.8/site-packages/botocore/data/_retry.json
[2021-12-17 15:47:41,795] DEBUG in botocore.client: Registering retry handlers for service: dynamodb
[2021-12-17 15:48:40,158] DEBUG in botocore.hooks: Changing event name from creating-client-class.iot-data to creating-client-class.iot-data-plane
[2021-12-17 15:48:40,162] DEBUG in botocore.hooks: Changing event name from before-call.apigateway to before-call.api-gateway
[2021-12-17 15:48:40,165] DEBUG in botocore.hooks: Changing event name from request-created.machinelearning.Predict to request-created.machine-learning.Predict
[2021-12-17 15:48:40,169] DEBUG in botocore.hooks: Changing event name from before-parameter-build.autoscaling.CreateLaunchConfiguration to before-parameter-build.auto-scaling.CreateLaunchConfiguration
[2021-12-17 15:48:40,171] DEBUG in botocore.hooks: Changing event name from before-parameter-build.route53 to before-parameter-build.route-53
[2021-12-17 15:48:40,173] DEBUG in botocore.hooks: Changing event name from request-created.cloudsearchdomain.Search to request-created.cloudsearch-domain.Search
[2021-12-17 15:48:40,175] DEBUG in botocore.hooks: Changing event name from docs.*.autoscaling.CreateLaunchConfiguration.complete-section to docs.*.auto-scaling.CreateLaunchConfiguration.complete-section
[2021-12-17 15:48:40,185] DEBUG in botocore.hooks: Changing event name from before-parameter-build.logs.CreateExportTask to before-parameter-build.cloudwatch-logs.CreateExportTask
[2021-12-17 15:48:40,186] DEBUG in botocore.hooks: Changing event name from docs.*.logs.CreateExportTask.complete-section to docs.*.cloudwatch-logs.CreateExportTask.complete-section
[2021-12-17 15:48:40,187] DEBUG in botocore.hooks: Changing event name from before-parameter-build.cloudsearchdomain.Search to before-parameter-build.cloudsearch-domain.Search
[2021-12-17 15:48:40,189] DEBUG in botocore.hooks: Changing event name from docs.*.cloudsearchdomain.Search.complete-section to docs.*.cloudsearch-domain.Search.complete-section
[2021-12-17 15:48:40,195] DEBUG in botocore.utils: IMDS ENDPOINT: http://169.254.169.254/
[2021-12-17 15:48:40,200] DEBUG in botocore.credentials: Looking for credentials via: env
[2021-12-17 15:48:40,201] DEBUG in botocore.credentials: Looking for credentials via: assume-role
[2021-12-17 15:48:40,202] DEBUG in botocore.credentials: Looking for credentials via: assume-role-with-web-identity
[2021-12-17 15:48:40,203] DEBUG in botocore.credentials: Looking for credentials via: sso
[2021-12-17 15:48:40,204] DEBUG in botocore.credentials: Looking for credentials via: shared-credentials-file
[2021-12-17 15:48:40,206] INFO in botocore.credentials: Found credentials in shared credentials file: ~/.aws/credentials
[2021-12-17 15:48:40,208] DEBUG in botocore.loaders: Loading JSON file: /home/ubuntu/anaconda3/lib/python3.8/site-packages/botocore/data/endpoints.json
[2021-12-17 15:48:40,234] DEBUG in botocore.hooks: Event choose-service-name: calling handler <function handle_service_name_alias at 0x7f541dc1ab80>
[2021-12-17 15:48:40,249] DEBUG in botocore.loaders: Loading JSON file: /home/ubuntu/anaconda3/lib/python3.8/site-packages/botocore/data/dynamodb/2012-08-10/service-2.json
[2021-12-17 15:48:40,261] DEBUG in botocore.hooks: Event creating-client-class.dynamodb: calling handler <function add_generate_presigned_url at 0x7f541dc45670>
[2021-12-17 15:48:40,269] DEBUG in botocore.endpoint: Setting dynamodb timeout as (60, 60)
[2021-12-17 15:48:40,271] DEBUG in botocore.loaders: Loading JSON file: /home/ubuntu/anaconda3/lib/python3.8/site-packages/botocore/data/_retry.json
[2021-12-17 15:48:40,272] DEBUG in botocore.client: Registering retry handlers for service: dynamodb
[2021-12-17 17:52:44,021] DEBUG in botocore.hooks: Changing event name from creating-client-class.iot-data to creating-client-class.iot-data-plane
[2021-12-17 17:52:44,024] DEBUG in botocore.hooks: Changing event name from before-call.apigateway to before-call.api-gateway
[2021-12-17 17:52:44,025] DEBUG in botocore.hooks: Changing event name from request-created.machinelearning.Predict to request-created.machine-learning.Predict
[2021-12-17 17:52:44,027] DEBUG in botocore.hooks: Changing event name from before-parameter-build.autoscaling.CreateLaunchConfiguration to before-parameter-build.auto-scaling.CreateLaunchConfiguration
[2021-12-17 17:52:44,027] DEBUG in botocore.hooks: Changing event name from before-parameter-build.route53 to before-parameter-build.route-53
[2021-12-17 17:52:44,029] DEBUG in botocore.hooks: Changing event name from request-created.cloudsearchdomain.Search to request-created.cloudsearch-domain.Search
[2021-12-17 17:52:44,030] DEBUG in botocore.hooks: Changing event name from docs.*.autoscaling.CreateLaunchConfiguration.complete-section to docs.*.auto-scaling.CreateLaunchConfiguration.complete-section
[2021-12-17 17:52:44,034] DEBUG in botocore.hooks: Changing event name from before-parameter-build.logs.CreateExportTask to before-parameter-build.cloudwatch-logs.CreateExportTask
[2021-12-17 17:52:44,034] DEBUG in botocore.hooks: Changing event name from docs.*.logs.CreateExportTask.complete-section to docs.*.cloudwatch-logs.CreateExportTask.complete-section
[2021-12-17 17:52:44,035] DEBUG in botocore.hooks: Changing event name from before-parameter-build.cloudsearchdomain.Search to before-parameter-build.cloudsearch-domain.Search
[2021-12-17 17:52:44,036] DEBUG in botocore.hooks: Changing event name from docs.*.cloudsearchdomain.Search.complete-section to docs.*.cloudsearch-domain.Search.complete-section
[2021-12-17 17:52:44,046] DEBUG in botocore.utils: IMDS ENDPOINT: http://169.254.169.254/
[2021-12-17 17:52:44,048] DEBUG in botocore.credentials: Looking for credentials via: env
[2021-12-17 17:52:44,048] DEBUG in botocore.credentials: Looking for credentials via: assume-role
[2021-12-17 17:52:44,049] DEBUG in botocore.credentials: Looking for credentials via: assume-role-with-web-identity
[2021-12-17 17:52:44,050] DEBUG in botocore.credentials: Looking for credentials via: sso
[2021-12-17 17:52:44,051] DEBUG in botocore.credentials: Looking for credentials via: shared-credentials-file
[2021-12-17 17:52:44,052] INFO in botocore.credentials: Found credentials in shared credentials file: ~/.aws/credentials
[2021-12-17 17:52:44,057] DEBUG in botocore.loaders: Loading JSON file: /home/ubuntu/anaconda3/lib/python3.8/site-packages/botocore/data/endpoints.json
[2021-12-17 17:52:44,069] DEBUG in botocore.hooks: Event choose-service-name: calling handler <function handle_service_name_alias at 0x7f2dffee4160>
[2021-12-17 17:52:44,365] DEBUG in botocore.loaders: Loading JSON file: /home/ubuntu/anaconda3/lib/python3.8/site-packages/botocore/data/dynamodb/2012-08-10/service-2.json
[2021-12-17 17:52:44,373] DEBUG in botocore.hooks: Event creating-client-class.dynamodb: calling handler <function add_generate_presigned_url at 0x7f2dffe858b0>
[2021-12-17 17:52:44,375] DEBUG in botocore.endpoint: Setting dynamodb timeout as (60, 60)
[2021-12-17 17:52:44,377] DEBUG in botocore.loaders: Loading JSON file: /home/ubuntu/anaconda3/lib/python3.8/site-packages/botocore/data/_retry.json
[2021-12-17 17:52:44,378] DEBUG in botocore.client: Registering retry handlers for service: dynamodb
[2021-12-17 17:54:07,815] DEBUG in urllib3.connectionpool: Starting new HTTP connection (1): 127.0.1.1:8500
[2021-12-17 17:54:39,008] DEBUG in botocore.hooks: Changing event name from creating-client-class.iot-data to creating-client-class.iot-data-plane
[2021-12-17 17:54:39,009] DEBUG in botocore.hooks: Changing event name from before-call.apigateway to before-call.api-gateway
[2021-12-17 17:54:39,011] DEBUG in botocore.hooks: Changing event name from request-created.machinelearning.Predict to request-created.machine-learning.Predict
[2021-12-17 17:54:39,014] DEBUG in botocore.hooks: Changing event name from before-parameter-build.autoscaling.CreateLaunchConfiguration to before-parameter-build.auto-scaling.CreateLaunchConfiguration
[2021-12-17 17:54:39,015] DEBUG in botocore.hooks: Changing event name from before-parameter-build.route53 to before-parameter-build.route-53
[2021-12-17 17:54:39,016] DEBUG in botocore.hooks: Changing event name from request-created.cloudsearchdomain.Search to request-created.cloudsearch-domain.Search
[2021-12-17 17:54:39,017] DEBUG in botocore.hooks: Changing event name from docs.*.autoscaling.CreateLaunchConfiguration.complete-section to docs.*.auto-scaling.CreateLaunchConfiguration.complete-section
[2021-12-17 17:54:39,020] DEBUG in botocore.hooks: Changing event name from before-parameter-build.logs.CreateExportTask to before-parameter-build.cloudwatch-logs.CreateExportTask
[2021-12-17 17:54:39,020] DEBUG in botocore.hooks: Changing event name from docs.*.logs.CreateExportTask.complete-section to docs.*.cloudwatch-logs.CreateExportTask.complete-section
[2021-12-17 17:54:39,021] DEBUG in botocore.hooks: Changing event name from before-parameter-build.cloudsearchdomain.Search to before-parameter-build.cloudsearch-domain.Search
[2021-12-17 17:54:39,022] DEBUG in botocore.hooks: Changing event name from docs.*.cloudsearchdomain.Search.complete-section to docs.*.cloudsearch-domain.Search.complete-section
[2021-12-17 17:54:39,024] DEBUG in botocore.utils: IMDS ENDPOINT: http://169.254.169.254/
[2021-12-17 17:54:39,026] DEBUG in botocore.credentials: Looking for credentials via: env
[2021-12-17 17:54:39,027] DEBUG in botocore.credentials: Looking for credentials via: assume-role
[2021-12-17 17:54:39,027] DEBUG in botocore.credentials: Looking for credentials via: assume-role-with-web-identity
[2021-12-17 17:54:39,028] DEBUG in botocore.credentials: Looking for credentials via: sso
[2021-12-17 17:54:39,029] DEBUG in botocore.credentials: Looking for credentials via: shared-credentials-file
[2021-12-17 17:54:39,029] INFO in botocore.credentials: Found credentials in shared credentials file: ~/.aws/credentials
[2021-12-17 17:54:39,031] DEBUG in botocore.loaders: Loading JSON file: /home/ubuntu/anaconda3/lib/python3.8/site-packages/botocore/data/endpoints.json
[2021-12-17 17:54:39,040] DEBUG in botocore.hooks: Event choose-service-name: calling handler <function handle_service_name_alias at 0x7f2dfe2da940>
[2021-12-17 17:54:39,084] DEBUG in botocore.loaders: Loading JSON file: /home/ubuntu/anaconda3/lib/python3.8/site-packages/botocore/data/dynamodb/2012-08-10/service-2.json
[2021-12-17 17:54:39,089] DEBUG in botocore.hooks: Event creating-client-class.dynamodb: calling handler <function add_generate_presigned_url at 0x7f2dfe30f430>
[2021-12-17 17:54:39,091] DEBUG in botocore.endpoint: Setting dynamodb timeout as (60, 60)
[2021-12-17 17:54:39,092] DEBUG in botocore.loaders: Loading JSON file: /home/ubuntu/anaconda3/lib/python3.8/site-packages/botocore/data/_retry.json
[2021-12-17 17:54:39,093] DEBUG in botocore.client: Registering retry handlers for service: dynamodb
[2021-12-17 20:10:45,032] DEBUG in botocore.hooks: Changing event name from creating-client-class.iot-data to creating-client-class.iot-data-plane
[2021-12-17 20:10:45,034] DEBUG in botocore.hooks: Changing event name from before-call.apigateway to before-call.api-gateway
[2021-12-17 20:10:45,035] DEBUG in botocore.hooks: Changing event name from request-created.machinelearning.Predict to request-created.machine-learning.Predict
[2021-12-17 20:10:45,037] DEBUG in botocore.hooks: Changing event name from before-parameter-build.autoscaling.CreateLaunchConfiguration to before-parameter-build.auto-scaling.CreateLaunchConfiguration
[2021-12-17 20:10:45,037] DEBUG in botocore.hooks: Changing event name from before-parameter-build.route53 to before-parameter-build.route-53
[2021-12-17 20:10:45,038] DEBUG in botocore.hooks: Changing event name from request-created.cloudsearchdomain.Search to request-created.cloudsearch-domain.Search
[2021-12-17 20:10:45,039] DEBUG in botocore.hooks: Changing event name from docs.*.autoscaling.CreateLaunchConfiguration.complete-section to docs.*.auto-scaling.CreateLaunchConfiguration.complete-section
[2021-12-17 20:10:45,042] DEBUG in botocore.hooks: Changing event name from before-parameter-build.logs.CreateExportTask to before-parameter-build.cloudwatch-logs.CreateExportTask
[2021-12-17 20:10:45,042] DEBUG in botocore.hooks: Changing event name from docs.*.logs.CreateExportTask.complete-section to docs.*.cloudwatch-logs.CreateExportTask.complete-section
[2021-12-17 20:10:45,043] DEBUG in botocore.hooks: Changing event name from before-parameter-build.cloudsearchdomain.Search to before-parameter-build.cloudsearch-domain.Search
[2021-12-17 20:10:45,043] DEBUG in botocore.hooks: Changing event name from docs.*.cloudsearchdomain.Search.complete-section to docs.*.cloudsearch-domain.Search.complete-section
[2021-12-17 20:10:45,048] DEBUG in botocore.utils: IMDS ENDPOINT: http://169.254.169.254/
[2021-12-17 20:10:45,050] DEBUG in botocore.credentials: Looking for credentials via: env
[2021-12-17 20:10:45,051] DEBUG in botocore.credentials: Looking for credentials via: assume-role
[2021-12-17 20:10:45,051] DEBUG in botocore.credentials: Looking for credentials via: assume-role-with-web-identity
[2021-12-17 20:10:45,052] DEBUG in botocore.credentials: Looking for credentials via: sso
[2021-12-17 20:10:45,052] DEBUG in botocore.credentials: Looking for credentials via: shared-credentials-file
[2021-12-17 20:10:45,054] INFO in botocore.credentials: Found credentials in shared credentials file: ~/.aws/credentials
[2021-12-17 20:10:45,058] DEBUG in botocore.loaders: Loading JSON file: /home/ubuntu/anaconda3/lib/python3.8/site-packages/botocore/data/endpoints.json
[2021-12-17 20:10:45,070] DEBUG in botocore.hooks: Event choose-service-name: calling handler <function handle_service_name_alias at 0x7fe1b5cc7f70>
[2021-12-17 20:10:45,103] DEBUG in botocore.loaders: Loading JSON file: /home/ubuntu/anaconda3/lib/python3.8/site-packages/botocore/data/dynamodb/2012-08-10/service-2.json
[2021-12-17 20:10:45,112] DEBUG in botocore.hooks: Event creating-client-class.dynamodb: calling handler <function add_generate_presigned_url at 0x7fe1b5bf4700>
[2021-12-17 20:10:45,115] DEBUG in botocore.endpoint: Setting dynamodb timeout as (60, 60)
[2021-12-17 20:10:45,116] DEBUG in botocore.loaders: Loading JSON file: /home/ubuntu/anaconda3/lib/python3.8/site-packages/botocore/data/_retry.json
[2021-12-17 20:10:45,117] DEBUG in botocore.client: Registering retry handlers for service: dynamodb
